The system is: Linux - 4.4.0-21-generic - x86_64
Compiling the C compiler identification source file "CMakeCCompilerId.c" succeeded.
Compiler: /usr/bin/aarch64-linux-gnu-gcc 
Build flags: 
Id flags:  

The output was:
0


Compilation of the C compiler identification source "CMakeCCompilerId.c" produced "a.out"

The C compiler identification is GNU, found in "/home/pc/work/code_view/whayer_work/sample-objectdetectionbyyolov3/src/cmake-build-debug-atlas200dk/CMakeFiles/3.15.3/CompilerIdC/a.out"

Compiling the CXX compiler identification source file "CMakeCXXCompilerId.cpp" succeeded.
Compiler: /usr/bin/aarch64-linux-gnu-g++ 
Build flags: 
Id flags:  

The output was:
0


Compilation of the CXX compiler identification source "CMakeCXXCompilerId.cpp" produced "a.out"

The CXX compiler identification is GNU, found in "/home/pc/work/code_view/whayer_work/sample-objectdetectionbyyolov3/src/cmake-build-debug-atlas200dk/CMakeFiles/3.15.3/CompilerIdCXX/a.out"

Determining if the C compiler works passed with the following output:
Change Dir: /home/pc/work/code_view/whayer_work/sample-objectdetectionbyyolov3/src/cmake-build-debug-atlas200dk/CMakeFiles/CMakeTmp

Run Build Command(s):/usr/bin/make cmTC_c4ef5/fast && /usr/bin/make -f CMakeFiles/cmTC_c4ef5.dir/build.make CMakeFiles/cmTC_c4ef5.dir/build
make[1]: Entering directory '/home/pc/work/code_view/whayer_work/sample-objectdetectionbyyolov3/src/cmake-build-debug-atlas200dk/CMakeFiles/CMakeTmp'
Building C object CMakeFiles/cmTC_c4ef5.dir/testCCompiler.c.o
/usr/bin/aarch64-linux-gnu-gcc    -o CMakeFiles/cmTC_c4ef5.dir/testCCompiler.c.o   -c /home/pc/work/code_view/whayer_work/sample-objectdetectionbyyolov3/src/cmake-build-debug-atlas200dk/CMakeFiles/CMakeTmp/testCCompiler.c
Linking C executable cmTC_c4ef5
/home/pc/software/clion-2019.3.4/bin/cmake/linux/bin/cmake -E cmake_link_script CMakeFiles/cmTC_c4ef5.dir/link.txt --verbose=1
/usr/bin/aarch64-linux-gnu-gcc      CMakeFiles/cmTC_c4ef5.dir/testCCompiler.c.o  -o cmTC_c4ef5 
make[1]: Leaving directory '/home/pc/work/code_view/whayer_work/sample-objectdetectionbyyolov3/src/cmake-build-debug-atlas200dk/CMakeFiles/CMakeTmp'



Detecting C compiler ABI info compiled with the following output:
Change Dir: /home/pc/work/code_view/whayer_work/sample-objectdetectionbyyolov3/src/cmake-build-debug-atlas200dk/CMakeFiles/CMakeTmp

Run Build Command(s):/usr/bin/make cmTC_6d5d8/fast && /usr/bin/make -f CMakeFiles/cmTC_6d5d8.dir/build.make CMakeFiles/cmTC_6d5d8.dir/build
make[1]: Entering directory '/home/pc/work/code_view/whayer_work/sample-objectdetectionbyyolov3/src/cmake-build-debug-atlas200dk/CMakeFiles/CMakeTmp'
Building C object CMakeFiles/cmTC_6d5d8.dir/CMakeCCompilerABI.c.o
/usr/bin/aarch64-linux-gnu-gcc   -v -o CMakeFiles/cmTC_6d5d8.dir/CMakeCCompilerABI.c.o   -c /home/pc/software/clion-2019.3.4/bin/cmake/linux/share/cmake-3.15/Modules/CMakeCCompilerABI.c
Using built-in specs.
COLLECT_GCC=/usr/bin/aarch64-linux-gnu-gcc
Target: aarch64-linux-gnu
Configured with: ../src/configure -v --with-pkgversion='Ubuntu/Linaro 5.4.0-6ubuntu1~16.04.9' --with-bugurl=file:///usr/share/doc/gcc-5/README.Bugs --enable-languages=c,ada,c++,java,go,d,fortran,objc,obj-c++ --prefix=/usr --program-suffix=-5 --enable-shared --enable-linker-build-id --libexecdir=/usr/lib --without-included-gettext --enable-threads=posix --libdir=/usr/lib --enable-nls --with-sysroot=/ --enable-clocale=gnu --enable-libstdcxx-debug --enable-libstdcxx-time=yes --with-default-libstdcxx-abi=new --enable-gnu-unique-object --disable-libquadmath --enable-plugin --with-system-zlib --disable-browser-plugin --enable-java-awt=gtk --enable-gtk-cairo --with-java-home=/usr/lib/jvm/java-1.5.0-gcj-5-arm64-cross/jre --enable-java-home --with-jvm-root-dir=/usr/lib/jvm/java-1.5.0-gcj-5-arm64-cross --with-jvm-jar-dir=/usr/lib/jvm-exports/java-1.5.0-gcj-5-arm64-cross --with-arch-directory=aarch64 --with-ecj-jar=/usr/share/java/eclipse-ecj.jar --disable-libgcj --enable-multiarch --enable-fix-cortex-a53-843419 --disable-werror --enable-checking=release --build=x86_64-linux-gnu --host=x86_64-linux-gnu --target=aarch64-linux-gnu --program-prefix=aarch64-linux-gnu- --includedir=/usr/aarch64-linux-gnu/include
Thread model: posix
gcc version 5.4.0 20160609 (Ubuntu/Linaro 5.4.0-6ubuntu1~16.04.9) 
COLLECT_GCC_OPTIONS='-v' '-o' 'CMakeFiles/cmTC_6d5d8.dir/CMakeCCompilerABI.c.o' '-c' '-mlittle-endian' '-mabi=lp64'
 /usr/lib/gcc-cross/aarch64-linux-gnu/5/cc1 -quiet -v -imultiarch aarch64-linux-gnu /home/pc/software/clion-2019.3.4/bin/cmake/linux/share/cmake-3.15/Modules/CMakeCCompilerABI.c -quiet -dumpbase CMakeCCompilerABI.c -mlittle-endian -mabi=lp64 -auxbase-strip CMakeFiles/cmTC_6d5d8.dir/CMakeCCompilerABI.c.o -version -fstack-protector-strong -Wformat -Wformat-security -o /tmp/ccgU2dkH.s
GNU C11 (Ubuntu/Linaro 5.4.0-6ubuntu1~16.04.9) version 5.4.0 20160609 (aarch64-linux-gnu)
	compiled by GNU C version 5.4.0 20160609, GMP version 6.1.0, MPFR version 3.1.4, MPC version 1.0.3
warning: GMP header version 6.1.0 differs from library version 6.1.2.
GGC heuristics: --param ggc-min-expand=100 --param ggc-min-heapsize=131072
ignoring nonexistent directory "/usr/local/include/aarch64-linux-gnu"
ignoring nonexistent directory "/usr/include/aarch64-linux-gnu"
#include "..." search starts here:
#include <...> search starts here:
 /usr/lib/gcc-cross/aarch64-linux-gnu/5/include
 /usr/lib/gcc-cross/aarch64-linux-gnu/5/include-fixed
 /usr/lib/gcc-cross/aarch64-linux-gnu/5/../../../../aarch64-linux-gnu/include
 /usr/include
End of search list.
GNU C11 (Ubuntu/Linaro 5.4.0-6ubuntu1~16.04.9) version 5.4.0 20160609 (aarch64-linux-gnu)
	compiled by GNU C version 5.4.0 20160609, GMP version 6.1.0, MPFR version 3.1.4, MPC version 1.0.3
warning: GMP header version 6.1.0 differs from library version 6.1.2.
GGC heuristics: --param ggc-min-expand=100 --param ggc-min-heapsize=131072
Compiler executable checksum: f06111c94c20d94e05c13f9388f48380
COLLECT_GCC_OPTIONS='-v' '-o' 'CMakeFiles/cmTC_6d5d8.dir/CMakeCCompilerABI.c.o' '-c' '-mlittle-endian' '-mabi=lp64'
 /usr/lib/gcc-cross/aarch64-linux-gnu/5/../../../../aarch64-linux-gnu/bin/as -v -EL -mabi=lp64 -o CMakeFiles/cmTC_6d5d8.dir/CMakeCCompilerABI.c.o /tmp/ccgU2dkH.s
GNU assembler version 2.26.1 (aarch64-linux-gnu) using BFD version (GNU Binutils for Ubuntu) 2.26.1
COMPILER_PATH=/usr/lib/gcc-cross/aarch64-linux-gnu/5/:/usr/lib/gcc-cross/aarch64-linux-gnu/5/:/usr/lib/gcc-cross/aarch64-linux-gnu/:/usr/lib/gcc-cross/aarch64-linux-gnu/5/:/usr/lib/gcc-cross/aarch64-linux-gnu/:/usr/lib/gcc-cross/aarch64-linux-gnu/5/../../../../aarch64-linux-gnu/bin/
LIBRARY_PATH=/usr/lib/gcc-cross/aarch64-linux-gnu/5/:/usr/lib/gcc-cross/aarch64-linux-gnu/5/../../../../aarch64-linux-gnu/lib/../lib/:/lib/../lib/:/usr/lib/../lib/:/usr/lib/gcc-cross/aarch64-linux-gnu/5/../../../../aarch64-linux-gnu/lib/:/lib/:/usr/lib/
COLLECT_GCC_OPTIONS='-v' '-o' 'CMakeFiles/cmTC_6d5d8.dir/CMakeCCompilerABI.c.o' '-c' '-mlittle-endian' '-mabi=lp64'
Linking C executable cmTC_6d5d8
/home/pc/software/clion-2019.3.4/bin/cmake/linux/bin/cmake -E cmake_link_script CMakeFiles/cmTC_6d5d8.dir/link.txt --verbose=1
/usr/bin/aarch64-linux-gnu-gcc     -v CMakeFiles/cmTC_6d5d8.dir/CMakeCCompilerABI.c.o  -o cmTC_6d5d8 
Using built-in specs.
COLLECT_GCC=/usr/bin/aarch64-linux-gnu-gcc
COLLECT_LTO_WRAPPER=/usr/lib/gcc-cross/aarch64-linux-gnu/5/lto-wrapper
Target: aarch64-linux-gnu
Configured with: ../src/configure -v --with-pkgversion='Ubuntu/Linaro 5.4.0-6ubuntu1~16.04.9' --with-bugurl=file:///usr/share/doc/gcc-5/README.Bugs --enable-languages=c,ada,c++,java,go,d,fortran,objc,obj-c++ --prefix=/usr --program-suffix=-5 --enable-shared --enable-linker-build-id --libexecdir=/usr/lib --without-included-gettext --enable-threads=posix --libdir=/usr/lib --enable-nls --with-sysroot=/ --enable-clocale=gnu --enable-libstdcxx-debug --enable-libstdcxx-time=yes --with-default-libstdcxx-abi=new --enable-gnu-unique-object --disable-libquadmath --enable-plugin --with-system-zlib --disable-browser-plugin --enable-java-awt=gtk --enable-gtk-cairo --with-java-home=/usr/lib/jvm/java-1.5.0-gcj-5-arm64-cross/jre --enable-java-home --with-jvm-root-dir=/usr/lib/jvm/java-1.5.0-gcj-5-arm64-cross --with-jvm-jar-dir=/usr/lib/jvm-exports/java-1.5.0-gcj-5-arm64-cross --with-arch-directory=aarch64 --with-ecj-jar=/usr/share/java/eclipse-ecj.jar --disable-libgcj --enable-multiarch --enable-fix-cortex-a53-843419 --disable-werror --enable-checking=release --build=x86_64-linux-gnu --host=x86_64-linux-gnu --target=aarch64-linux-gnu --program-prefix=aarch64-linux-gnu- --includedir=/usr/aarch64-linux-gnu/include
Thread model: posix
gcc version 5.4.0 20160609 (Ubuntu/Linaro 5.4.0-6ubuntu1~16.04.9) 
COMPILER_PATH=/usr/lib/gcc-cross/aarch64-linux-gnu/5/:/usr/lib/gcc-cross/aarch64-linux-gnu/5/:/usr/lib/gcc-cross/aarch64-linux-gnu/:/usr/lib/gcc-cross/aarch64-linux-gnu/5/:/usr/lib/gcc-cross/aarch64-linux-gnu/:/usr/lib/gcc-cross/aarch64-linux-gnu/5/../../../../aarch64-linux-gnu/bin/
LIBRARY_PATH=/usr/lib/gcc-cross/aarch64-linux-gnu/5/:/usr/lib/gcc-cross/aarch64-linux-gnu/5/../../../../aarch64-linux-gnu/lib/../lib/:/lib/../lib/:/usr/lib/../lib/:/usr/lib/gcc-cross/aarch64-linux-gnu/5/../../../../aarch64-linux-gnu/lib/:/lib/:/usr/lib/
COLLECT_GCC_OPTIONS='-v' '-o' 'cmTC_6d5d8' '-mlittle-endian' '-mabi=lp64'
 /usr/lib/gcc-cross/aarch64-linux-gnu/5/collect2 -plugin /usr/lib/gcc-cross/aarch64-linux-gnu/5/liblto_plugin.so -plugin-opt=/usr/lib/gcc-cross/aarch64-linux-gnu/5/lto-wrapper -plugin-opt=-fresolution=/tmp/ccAyA8CK.res -plugin-opt=-pass-through=-lgcc -plugin-opt=-pass-through=-lgcc_s -plugin-opt=-pass-through=-lc -plugin-opt=-pass-through=-lgcc -plugin-opt=-pass-through=-lgcc_s --sysroot=/ --build-id --eh-frame-hdr --hash-style=gnu --as-needed -dynamic-linker /lib/ld-linux-aarch64.so.1 -X -EL -maarch64linux --fix-cortex-a53-843419 -z relro -o cmTC_6d5d8 /usr/lib/gcc-cross/aarch64-linux-gnu/5/../../../../aarch64-linux-gnu/lib/../lib/crt1.o /usr/lib/gcc-cross/aarch64-linux-gnu/5/../../../../aarch64-linux-gnu/lib/../lib/crti.o /usr/lib/gcc-cross/aarch64-linux-gnu/5/crtbegin.o -L/usr/lib/gcc-cross/aarch64-linux-gnu/5 -L/usr/lib/gcc-cross/aarch64-linux-gnu/5/../../../../aarch64-linux-gnu/lib/../lib -L/lib/../lib -L/usr/lib/../lib -L/usr/lib/gcc-cross/aarch64-linux-gnu/5/../../../../aarch64-linux-gnu/lib CMakeFiles/cmTC_6d5d8.dir/CMakeCCompilerABI.c.o -lgcc --as-needed -lgcc_s --no-as-needed -lc -lgcc --as-needed -lgcc_s --no-as-needed /usr/lib/gcc-cross/aarch64-linux-gnu/5/crtend.o /usr/lib/gcc-cross/aarch64-linux-gnu/5/../../../../aarch64-linux-gnu/lib/../lib/crtn.o
make[1]: Leaving directory '/home/pc/work/code_view/whayer_work/sample-objectdetectionbyyolov3/src/cmake-build-debug-atlas200dk/CMakeFiles/CMakeTmp'



Parsed C implicit include dir info from above output: rv=done
  found start of include info
  found start of implicit include info
    add: [/usr/lib/gcc-cross/aarch64-linux-gnu/5/include]
    add: [/usr/lib/gcc-cross/aarch64-linux-gnu/5/include-fixed]
    add: [/usr/lib/gcc-cross/aarch64-linux-gnu/5/../../../../aarch64-linux-gnu/include]
    add: [/usr/include]
  end of search list found
  collapse include dir [/usr/lib/gcc-cross/aarch64-linux-gnu/5/include] ==> [/usr/lib/gcc-cross/aarch64-linux-gnu/5/include]
  collapse include dir [/usr/lib/gcc-cross/aarch64-linux-gnu/5/include-fixed] ==> [/usr/lib/gcc-cross/aarch64-linux-gnu/5/include-fixed]
  collapse include dir [/usr/lib/gcc-cross/aarch64-linux-gnu/5/../../../../aarch64-linux-gnu/include] ==> [/usr/aarch64-linux-gnu/include]
  collapse include dir [/usr/include] ==> [/usr/include]
  implicit include dirs: [/usr/lib/gcc-cross/aarch64-linux-gnu/5/include;/usr/lib/gcc-cross/aarch64-linux-gnu/5/include-fixed;/usr/aarch64-linux-gnu/include;/usr/include]


Parsed C implicit link information from above output:
  link line regex: [^( *|.*[/\])(ld|CMAKE_LINK_STARTFILE-NOTFOUND|([^/\]+-)?ld|collect2)[^/\]*( |$)]
  ignore line: [Change Dir: /home/pc/work/code_view/whayer_work/sample-objectdetectionbyyolov3/src/cmake-build-debug-atlas200dk/CMakeFiles/CMakeTmp]
  ignore line: []
  ignore line: [Run Build Command(s):/usr/bin/make cmTC_6d5d8/fast && /usr/bin/make -f CMakeFiles/cmTC_6d5d8.dir/build.make CMakeFiles/cmTC_6d5d8.dir/build]
  ignore line: [make[1]: Entering directory '/home/pc/work/code_view/whayer_work/sample-objectdetectionbyyolov3/src/cmake-build-debug-atlas200dk/CMakeFiles/CMakeTmp']
  ignore line: [Building C object CMakeFiles/cmTC_6d5d8.dir/CMakeCCompilerABI.c.o]
  ignore line: [/usr/bin/aarch64-linux-gnu-gcc   -v -o CMakeFiles/cmTC_6d5d8.dir/CMakeCCompilerABI.c.o   -c /home/pc/software/clion-2019.3.4/bin/cmake/linux/share/cmake-3.15/Modules/CMakeCCompilerABI.c]
  ignore line: [Using built-in specs.]
  ignore line: [COLLECT_GCC=/usr/bin/aarch64-linux-gnu-gcc]
  ignore line: [Target: aarch64-linux-gnu]
  ignore line: [Configured with: ../src/configure -v --with-pkgversion='Ubuntu/Linaro 5.4.0-6ubuntu1~16.04.9' --with-bugurl=file:///usr/share/doc/gcc-5/README.Bugs --enable-languages=c,ada,c++,java,go,d,fortran,objc,obj-c++ --prefix=/usr --program-suffix=-5 --enable-shared --enable-linker-build-id --libexecdir=/usr/lib --without-included-gettext --enable-threads=posix --libdir=/usr/lib --enable-nls --with-sysroot=/ --enable-clocale=gnu --enable-libstdcxx-debug --enable-libstdcxx-time=yes --with-default-libstdcxx-abi=new --enable-gnu-unique-object --disable-libquadmath --enable-plugin --with-system-zlib --disable-browser-plugin --enable-java-awt=gtk --enable-gtk-cairo --with-java-home=/usr/lib/jvm/java-1.5.0-gcj-5-arm64-cross/jre --enable-java-home --with-jvm-root-dir=/usr/lib/jvm/java-1.5.0-gcj-5-arm64-cross --with-jvm-jar-dir=/usr/lib/jvm-exports/java-1.5.0-gcj-5-arm64-cross --with-arch-directory=aarch64 --with-ecj-jar=/usr/share/java/eclipse-ecj.jar --disable-libgcj --enable-multiarch --enable-fix-cortex-a53-843419 --disable-werror --enable-checking=release --build=x86_64-linux-gnu --host=x86_64-linux-gnu --target=aarch64-linux-gnu --program-prefix=aarch64-linux-gnu- --includedir=/usr/aarch64-linux-gnu/include]
  ignore line: [Thread model: posix]
  ignore line: [gcc version 5.4.0 20160609 (Ubuntu/Linaro 5.4.0-6ubuntu1~16.04.9) ]
  ignore line: [COLLECT_GCC_OPTIONS='-v' '-o' 'CMakeFiles/cmTC_6d5d8.dir/CMakeCCompilerABI.c.o' '-c' '-mlittle-endian' '-mabi=lp64']
  ignore line: [ /usr/lib/gcc-cross/aarch64-linux-gnu/5/cc1 -quiet -v -imultiarch aarch64-linux-gnu /home/pc/software/clion-2019.3.4/bin/cmake/linux/share/cmake-3.15/Modules/CMakeCCompilerABI.c -quiet -dumpbase CMakeCCompilerABI.c -mlittle-endian -mabi=lp64 -auxbase-strip CMakeFiles/cmTC_6d5d8.dir/CMakeCCompilerABI.c.o -version -fstack-protector-strong -Wformat -Wformat-security -o /tmp/ccgU2dkH.s]
  ignore line: [GNU C11 (Ubuntu/Linaro 5.4.0-6ubuntu1~16.04.9) version 5.4.0 20160609 (aarch64-linux-gnu)]
  ignore line: [	compiled by GNU C version 5.4.0 20160609, GMP version 6.1.0, MPFR version 3.1.4, MPC version 1.0.3]
  ignore line: [warning: GMP header version 6.1.0 differs from library version 6.1.2.]
  ignore line: [GGC heuristics: --param ggc-min-expand=100 --param ggc-min-heapsize=131072]
  ignore line: [ignoring nonexistent directory "/usr/local/include/aarch64-linux-gnu"]
  ignore line: [ignoring nonexistent directory "/usr/include/aarch64-linux-gnu"]
  ignore line: [#include "..." search starts here:]
  ignore line: [#include <...> search starts here:]
  ignore line: [ /usr/lib/gcc-cross/aarch64-linux-gnu/5/include]
  ignore line: [ /usr/lib/gcc-cross/aarch64-linux-gnu/5/include-fixed]
  ignore line: [ /usr/lib/gcc-cross/aarch64-linux-gnu/5/../../../../aarch64-linux-gnu/include]
  ignore line: [ /usr/include]
  ignore line: [End of search list.]
  ignore line: [GNU C11 (Ubuntu/Linaro 5.4.0-6ubuntu1~16.04.9) version 5.4.0 20160609 (aarch64-linux-gnu)]
  ignore line: [	compiled by GNU C version 5.4.0 20160609, GMP version 6.1.0, MPFR version 3.1.4, MPC version 1.0.3]
  ignore line: [warning: GMP header version 6.1.0 differs from library version 6.1.2.]
  ignore line: [GGC heuristics: --param ggc-min-expand=100 --param ggc-min-heapsize=131072]
  ignore line: [Compiler executable checksum: f06111c94c20d94e05c13f9388f48380]
  ignore line: [COLLECT_GCC_OPTIONS='-v' '-o' 'CMakeFiles/cmTC_6d5d8.dir/CMakeCCompilerABI.c.o' '-c' '-mlittle-endian' '-mabi=lp64']
  ignore line: [ /usr/lib/gcc-cross/aarch64-linux-gnu/5/../../../../aarch64-linux-gnu/bin/as -v -EL -mabi=lp64 -o CMakeFiles/cmTC_6d5d8.dir/CMakeCCompilerABI.c.o /tmp/ccgU2dkH.s]
  ignore line: [GNU assembler version 2.26.1 (aarch64-linux-gnu) using BFD version (GNU Binutils for Ubuntu) 2.26.1]
  ignore line: [COMPILER_PATH=/usr/lib/gcc-cross/aarch64-linux-gnu/5/:/usr/lib/gcc-cross/aarch64-linux-gnu/5/:/usr/lib/gcc-cross/aarch64-linux-gnu/:/usr/lib/gcc-cross/aarch64-linux-gnu/5/:/usr/lib/gcc-cross/aarch64-linux-gnu/:/usr/lib/gcc-cross/aarch64-linux-gnu/5/../../../../aarch64-linux-gnu/bin/]
  ignore line: [LIBRARY_PATH=/usr/lib/gcc-cross/aarch64-linux-gnu/5/:/usr/lib/gcc-cross/aarch64-linux-gnu/5/../../../../aarch64-linux-gnu/lib/../lib/:/lib/../lib/:/usr/lib/../lib/:/usr/lib/gcc-cross/aarch64-linux-gnu/5/../../../../aarch64-linux-gnu/lib/:/lib/:/usr/lib/]
  ignore line: [COLLECT_GCC_OPTIONS='-v' '-o' 'CMakeFiles/cmTC_6d5d8.dir/CMakeCCompilerABI.c.o' '-c' '-mlittle-endian' '-mabi=lp64']
  ignore line: [Linking C executable cmTC_6d5d8]
  ignore line: [/home/pc/software/clion-2019.3.4/bin/cmake/linux/bin/cmake -E cmake_link_script CMakeFiles/cmTC_6d5d8.dir/link.txt --verbose=1]
  ignore line: [/usr/bin/aarch64-linux-gnu-gcc     -v CMakeFiles/cmTC_6d5d8.dir/CMakeCCompilerABI.c.o  -o cmTC_6d5d8 ]
  ignore line: [Using built-in specs.]
  ignore line: [COLLECT_GCC=/usr/bin/aarch64-linux-gnu-gcc]
  ignore line: [COLLECT_LTO_WRAPPER=/usr/lib/gcc-cross/aarch64-linux-gnu/5/lto-wrapper]
  ignore line: [Target: aarch64-linux-gnu]
  ignore line: [Configured with: ../src/configure -v --with-pkgversion='Ubuntu/Linaro 5.4.0-6ubuntu1~16.04.9' --with-bugurl=file:///usr/share/doc/gcc-5/README.Bugs --enable-languages=c,ada,c++,java,go,d,fortran,objc,obj-c++ --prefix=/usr --program-suffix=-5 --enable-shared --enable-linker-build-id --libexecdir=/usr/lib --without-included-gettext --enable-threads=posix --libdir=/usr/lib --enable-nls --with-sysroot=/ --enable-clocale=gnu --enable-libstdcxx-debug --enable-libstdcxx-time=yes --with-default-libstdcxx-abi=new --enable-gnu-unique-object --disable-libquadmath --enable-plugin --with-system-zlib --disable-browser-plugin --enable-java-awt=gtk --enable-gtk-cairo --with-java-home=/usr/lib/jvm/java-1.5.0-gcj-5-arm64-cross/jre --enable-java-home --with-jvm-root-dir=/usr/lib/jvm/java-1.5.0-gcj-5-arm64-cross --with-jvm-jar-dir=/usr/lib/jvm-exports/java-1.5.0-gcj-5-arm64-cross --with-arch-directory=aarch64 --with-ecj-jar=/usr/share/java/eclipse-ecj.jar --disable-libgcj --enable-multiarch --enable-fix-cortex-a53-843419 --disable-werror --enable-checking=release --build=x86_64-linux-gnu --host=x86_64-linux-gnu --target=aarch64-linux-gnu --program-prefix=aarch64-linux-gnu- --includedir=/usr/aarch64-linux-gnu/include]
  ignore line: [Thread model: posix]
  ignore line: [gcc version 5.4.0 20160609 (Ubuntu/Linaro 5.4.0-6ubuntu1~16.04.9) ]
  ignore line: [COMPILER_PATH=/usr/lib/gcc-cross/aarch64-linux-gnu/5/:/usr/lib/gcc-cross/aarch64-linux-gnu/5/:/usr/lib/gcc-cross/aarch64-linux-gnu/:/usr/lib/gcc-cross/aarch64-linux-gnu/5/:/usr/lib/gcc-cross/aarch64-linux-gnu/:/usr/lib/gcc-cross/aarch64-linux-gnu/5/../../../../aarch64-linux-gnu/bin/]
  ignore line: [LIBRARY_PATH=/usr/lib/gcc-cross/aarch64-linux-gnu/5/:/usr/lib/gcc-cross/aarch64-linux-gnu/5/../../../../aarch64-linux-gnu/lib/../lib/:/lib/../lib/:/usr/lib/../lib/:/usr/lib/gcc-cross/aarch64-linux-gnu/5/../../../../aarch64-linux-gnu/lib/:/lib/:/usr/lib/]
  ignore line: [COLLECT_GCC_OPTIONS='-v' '-o' 'cmTC_6d5d8' '-mlittle-endian' '-mabi=lp64']
  link line: [ /usr/lib/gcc-cross/aarch64-linux-gnu/5/collect2 -plugin /usr/lib/gcc-cross/aarch64-linux-gnu/5/liblto_plugin.so -plugin-opt=/usr/lib/gcc-cross/aarch64-linux-gnu/5/lto-wrapper -plugin-opt=-fresolution=/tmp/ccAyA8CK.res -plugin-opt=-pass-through=-lgcc -plugin-opt=-pass-through=-lgcc_s -plugin-opt=-pass-through=-lc -plugin-opt=-pass-through=-lgcc -plugin-opt=-pass-through=-lgcc_s --sysroot=/ --build-id --eh-frame-hdr --hash-style=gnu --as-needed -dynamic-linker /lib/ld-linux-aarch64.so.1 -X -EL -maarch64linux --fix-cortex-a53-843419 -z relro -o cmTC_6d5d8 /usr/lib/gcc-cross/aarch64-linux-gnu/5/../../../../aarch64-linux-gnu/lib/../lib/crt1.o /usr/lib/gcc-cross/aarch64-linux-gnu/5/../../../../aarch64-linux-gnu/lib/../lib/crti.o /usr/lib/gcc-cross/aarch64-linux-gnu/5/crtbegin.o -L/usr/lib/gcc-cross/aarch64-linux-gnu/5 -L/usr/lib/gcc-cross/aarch64-linux-gnu/5/../../../../aarch64-linux-gnu/lib/../lib -L/lib/../lib -L/usr/lib/../lib -L/usr/lib/gcc-cross/aarch64-linux-gnu/5/../../../../aarch64-linux-gnu/lib CMakeFiles/cmTC_6d5d8.dir/CMakeCCompilerABI.c.o -lgcc --as-needed -lgcc_s --no-as-needed -lc -lgcc --as-needed -lgcc_s --no-as-needed /usr/lib/gcc-cross/aarch64-linux-gnu/5/crtend.o /usr/lib/gcc-cross/aarch64-linux-gnu/5/../../../../aarch64-linux-gnu/lib/../lib/crtn.o]
    arg [/usr/lib/gcc-cross/aarch64-linux-gnu/5/collect2] ==> ignore
    arg [-plugin] ==> ignore
    arg [/usr/lib/gcc-cross/aarch64-linux-gnu/5/liblto_plugin.so] ==> ignore
    arg [-plugin-opt=/usr/lib/gcc-cross/aarch64-linux-gnu/5/lto-wrapper] ==> ignore
    arg [-plugin-opt=-fresolution=/tmp/ccAyA8CK.res] ==> ignore
    arg [-plugin-opt=-pass-through=-lgcc] ==> ignore
    arg [-plugin-opt=-pass-through=-lgcc_s] ==> ignore
    arg [-plugin-opt=-pass-through=-lc] ==> ignore
    arg [-plugin-opt=-pass-through=-lgcc] ==> ignore
    arg [-plugin-opt=-pass-through=-lgcc_s] ==> ignore
    arg [--sysroot=/] ==> ignore
    arg [--build-id] ==> ignore
    arg [--eh-frame-hdr] ==> ignore
    arg [--hash-style=gnu] ==> ignore
    arg [--as-needed] ==> ignore
    arg [-dynamic-linker] ==> ignore
    arg [/lib/ld-linux-aarch64.so.1] ==> ignore
    arg [-X] ==> ignore
    arg [-EL] ==> ignore
    arg [-maarch64linux] ==> ignore
    arg [--fix-cortex-a53-843419] ==> ignore
    arg [-zrelro] ==> ignore
    arg [-o] ==> ignore
    arg [cmTC_6d5d8] ==> ignore
    arg [/usr/lib/gcc-cross/aarch64-linux-gnu/5/../../../../aarch64-linux-gnu/lib/../lib/crt1.o] ==> ignore
    arg [/usr/lib/gcc-cross/aarch64-linux-gnu/5/../../../../aarch64-linux-gnu/lib/../lib/crti.o] ==> ignore
    arg [/usr/lib/gcc-cross/aarch64-linux-gnu/5/crtbegin.o] ==> ignore
    arg [-L/usr/lib/gcc-cross/aarch64-linux-gnu/5] ==> dir [/usr/lib/gcc-cross/aarch64-linux-gnu/5]
    arg [-L/usr/lib/gcc-cross/aarch64-linux-gnu/5/../../../../aarch64-linux-gnu/lib/../lib] ==> dir [/usr/lib/gcc-cross/aarch64-linux-gnu/5/../../../../aarch64-linux-gnu/lib/../lib]
    arg [-L/lib/../lib] ==> dir [/lib/../lib]
    arg [-L/usr/lib/../lib] ==> dir [/usr/lib/../lib]
    arg [-L/usr/lib/gcc-cross/aarch64-linux-gnu/5/../../../../aarch64-linux-gnu/lib] ==> dir [/usr/lib/gcc-cross/aarch64-linux-gnu/5/../../../../aarch64-linux-gnu/lib]
    arg [CMakeFiles/cmTC_6d5d8.dir/CMakeCCompilerABI.c.o] ==> ignore
    arg [-lgcc] ==> lib [gcc]
    arg [--as-needed] ==> ignore
    arg [-lgcc_s] ==> lib [gcc_s]
    arg [--no-as-needed] ==> ignore
    arg [-lc] ==> lib [c]
    arg [-lgcc] ==> lib [gcc]
    arg [--as-needed] ==> ignore
    arg [-lgcc_s] ==> lib [gcc_s]
    arg [--no-as-needed] ==> ignore
    arg [/usr/lib/gcc-cross/aarch64-linux-gnu/5/crtend.o] ==> ignore
    arg [/usr/lib/gcc-cross/aarch64-linux-gnu/5/../../../../aarch64-linux-gnu/lib/../lib/crtn.o] ==> ignore
  collapse library dir [/usr/lib/gcc-cross/aarch64-linux-gnu/5] ==> [/usr/lib/gcc-cross/aarch64-linux-gnu/5]
  collapse library dir [/usr/lib/gcc-cross/aarch64-linux-gnu/5/../../../../aarch64-linux-gnu/lib/../lib] ==> [/usr/aarch64-linux-gnu/lib]
  collapse library dir [/lib/../lib] ==> [/lib]
  collapse library dir [/usr/lib/../lib] ==> [/usr/lib]
  collapse library dir [/usr/lib/gcc-cross/aarch64-linux-gnu/5/../../../../aarch64-linux-gnu/lib] ==> [/usr/aarch64-linux-gnu/lib]
  implicit libs: [gcc;gcc_s;c;gcc;gcc_s]
  implicit dirs: [/usr/lib/gcc-cross/aarch64-linux-gnu/5;/usr/aarch64-linux-gnu/lib;/lib;/usr/lib]
  implicit fwks: []


Determining if the CXX compiler works passed with the following output:
Change Dir: /home/pc/work/code_view/whayer_work/sample-objectdetectionbyyolov3/src/cmake-build-debug-atlas200dk/CMakeFiles/CMakeTmp

Run Build Command(s):/usr/bin/make cmTC_f7e75/fast && /usr/bin/make -f CMakeFiles/cmTC_f7e75.dir/build.make CMakeFiles/cmTC_f7e75.dir/build
make[1]: Entering directory '/home/pc/work/code_view/whayer_work/sample-objectdetectionbyyolov3/src/cmake-build-debug-atlas200dk/CMakeFiles/CMakeTmp'
Building CXX object CMakeFiles/cmTC_f7e75.dir/testCXXCompiler.cxx.o
/usr/bin/aarch64-linux-gnu-g++     -o CMakeFiles/cmTC_f7e75.dir/testCXXCompiler.cxx.o -c /home/pc/work/code_view/whayer_work/sample-objectdetectionbyyolov3/src/cmake-build-debug-atlas200dk/CMakeFiles/CMakeTmp/testCXXCompiler.cxx
Linking CXX executable cmTC_f7e75
/home/pc/software/clion-2019.3.4/bin/cmake/linux/bin/cmake -E cmake_link_script CMakeFiles/cmTC_f7e75.dir/link.txt --verbose=1
/usr/bin/aarch64-linux-gnu-g++       CMakeFiles/cmTC_f7e75.dir/testCXXCompiler.cxx.o  -o cmTC_f7e75 
make[1]: Leaving directory '/home/pc/work/code_view/whayer_work/sample-objectdetectionbyyolov3/src/cmake-build-debug-atlas200dk/CMakeFiles/CMakeTmp'



Detecting CXX compiler ABI info compiled with the following output:
Change Dir: /home/pc/work/code_view/whayer_work/sample-objectdetectionbyyolov3/src/cmake-build-debug-atlas200dk/CMakeFiles/CMakeTmp

Run Build Command(s):/usr/bin/make cmTC_b89ec/fast && /usr/bin/make -f CMakeFiles/cmTC_b89ec.dir/build.make CMakeFiles/cmTC_b89ec.dir/build
make[1]: Entering directory '/home/pc/work/code_view/whayer_work/sample-objectdetectionbyyolov3/src/cmake-build-debug-atlas200dk/CMakeFiles/CMakeTmp'
Building CXX object CMakeFiles/cmTC_b89ec.dir/CMakeCXXCompilerABI.cpp.o
/usr/bin/aarch64-linux-gnu-g++    -v -o CMakeFiles/cmTC_b89ec.dir/CMakeCXXCompilerABI.cpp.o -c /home/pc/software/clion-2019.3.4/bin/cmake/linux/share/cmake-3.15/Modules/CMakeCXXCompilerABI.cpp
Using built-in specs.
COLLECT_GCC=/usr/bin/aarch64-linux-gnu-g++
Target: aarch64-linux-gnu
Configured with: ../src/configure -v --with-pkgversion='Ubuntu/Linaro 5.4.0-6ubuntu1~16.04.9' --with-bugurl=file:///usr/share/doc/gcc-5/README.Bugs --enable-languages=c,ada,c++,java,go,d,fortran,objc,obj-c++ --prefix=/usr --program-suffix=-5 --enable-shared --enable-linker-build-id --libexecdir=/usr/lib --without-included-gettext --enable-threads=posix --libdir=/usr/lib --enable-nls --with-sysroot=/ --enable-clocale=gnu --enable-libstdcxx-debug --enable-libstdcxx-time=yes --with-default-libstdcxx-abi=new --enable-gnu-unique-object --disable-libquadmath --enable-plugin --with-system-zlib --disable-browser-plugin --enable-java-awt=gtk --enable-gtk-cairo --with-java-home=/usr/lib/jvm/java-1.5.0-gcj-5-arm64-cross/jre --enable-java-home --with-jvm-root-dir=/usr/lib/jvm/java-1.5.0-gcj-5-arm64-cross --with-jvm-jar-dir=/usr/lib/jvm-exports/java-1.5.0-gcj-5-arm64-cross --with-arch-directory=aarch64 --with-ecj-jar=/usr/share/java/eclipse-ecj.jar --disable-libgcj --enable-multiarch --enable-fix-cortex-a53-843419 --disable-werror --enable-checking=release --build=x86_64-linux-gnu --host=x86_64-linux-gnu --target=aarch64-linux-gnu --program-prefix=aarch64-linux-gnu- --includedir=/usr/aarch64-linux-gnu/include
Thread model: posix
gcc version 5.4.0 20160609 (Ubuntu/Linaro 5.4.0-6ubuntu1~16.04.9) 
COLLECT_GCC_OPTIONS='-v' '-o' 'CMakeFiles/cmTC_b89ec.dir/CMakeCXXCompilerABI.cpp.o' '-c' '-shared-libgcc' '-mlittle-endian' '-mabi=lp64'
 /usr/lib/gcc-cross/aarch64-linux-gnu/5/cc1plus -quiet -v -imultiarch aarch64-linux-gnu -D_GNU_SOURCE /home/pc/software/clion-2019.3.4/bin/cmake/linux/share/cmake-3.15/Modules/CMakeCXXCompilerABI.cpp -quiet -dumpbase CMakeCXXCompilerABI.cpp -mlittle-endian -mabi=lp64 -auxbase-strip CMakeFiles/cmTC_b89ec.dir/CMakeCXXCompilerABI.cpp.o -version -fstack-protector-strong -Wformat -Wformat-security -o /tmp/ccXQr5cV.s
GNU C++ (Ubuntu/Linaro 5.4.0-6ubuntu1~16.04.9) version 5.4.0 20160609 (aarch64-linux-gnu)
	compiled by GNU C version 5.4.0 20160609, GMP version 6.1.0, MPFR version 3.1.4, MPC version 1.0.3
warning: GMP header version 6.1.0 differs from library version 6.1.2.
GGC heuristics: --param ggc-min-expand=100 --param ggc-min-heapsize=131072
ignoring nonexistent directory "/usr/local/include/aarch64-linux-gnu"
ignoring nonexistent directory "/usr/include/aarch64-linux-gnu"
#include "..." search starts here:
#include <...> search starts here:
 /usr/lib/gcc-cross/aarch64-linux-gnu/5/../../../../aarch64-linux-gnu/include/c++/5
 /usr/lib/gcc-cross/aarch64-linux-gnu/5/../../../../aarch64-linux-gnu/include/c++/5/aarch64-linux-gnu
 /usr/lib/gcc-cross/aarch64-linux-gnu/5/../../../../aarch64-linux-gnu/include/c++/5/backward
 /usr/lib/gcc-cross/aarch64-linux-gnu/5/include
 /usr/lib/gcc-cross/aarch64-linux-gnu/5/include-fixed
 /usr/lib/gcc-cross/aarch64-linux-gnu/5/../../../../aarch64-linux-gnu/include
 /usr/include
End of search list.
GNU C++ (Ubuntu/Linaro 5.4.0-6ubuntu1~16.04.9) version 5.4.0 20160609 (aarch64-linux-gnu)
	compiled by GNU C version 5.4.0 20160609, GMP version 6.1.0, MPFR version 3.1.4, MPC version 1.0.3
warning: GMP header version 6.1.0 differs from library version 6.1.2.
GGC heuristics: --param ggc-min-expand=100 --param ggc-min-heapsize=131072
Compiler executable checksum: 6a9a52ec5d8050d9281f43712782ae81
COLLECT_GCC_OPTIONS='-v' '-o' 'CMakeFiles/cmTC_b89ec.dir/CMakeCXXCompilerABI.cpp.o' '-c' '-shared-libgcc' '-mlittle-endian' '-mabi=lp64'
 /usr/lib/gcc-cross/aarch64-linux-gnu/5/../../../../aarch64-linux-gnu/bin/as -v -EL -mabi=lp64 -o CMakeFiles/cmTC_b89ec.dir/CMakeCXXCompilerABI.cpp.o /tmp/ccXQr5cV.s
GNU assembler version 2.26.1 (aarch64-linux-gnu) using BFD version (GNU Binutils for Ubuntu) 2.26.1
COMPILER_PATH=/usr/lib/gcc-cross/aarch64-linux-gnu/5/:/usr/lib/gcc-cross/aarch64-linux-gnu/5/:/usr/lib/gcc-cross/aarch64-linux-gnu/:/usr/lib/gcc-cross/aarch64-linux-gnu/5/:/usr/lib/gcc-cross/aarch64-linux-gnu/:/usr/lib/gcc-cross/aarch64-linux-gnu/5/../../../../aarch64-linux-gnu/bin/
LIBRARY_PATH=/usr/lib/gcc-cross/aarch64-linux-gnu/5/:/usr/lib/gcc-cross/aarch64-linux-gnu/5/../../../../aarch64-linux-gnu/lib/../lib/:/lib/../lib/:/usr/lib/../lib/:/usr/lib/gcc-cross/aarch64-linux-gnu/5/../../../../aarch64-linux-gnu/lib/:/lib/:/usr/lib/
COLLECT_GCC_OPTIONS='-v' '-o' 'CMakeFiles/cmTC_b89ec.dir/CMakeCXXCompilerABI.cpp.o' '-c' '-shared-libgcc' '-mlittle-endian' '-mabi=lp64'
Linking CXX executable cmTC_b89ec
/home/pc/software/clion-2019.3.4/bin/cmake/linux/bin/cmake -E cmake_link_script CMakeFiles/cmTC_b89ec.dir/link.txt --verbose=1
/usr/bin/aarch64-linux-gnu-g++      -v CMakeFiles/cmTC_b89ec.dir/CMakeCXXCompilerABI.cpp.o  -o cmTC_b89ec 
Using built-in specs.
COLLECT_GCC=/usr/bin/aarch64-linux-gnu-g++
COLLECT_LTO_WRAPPER=/usr/lib/gcc-cross/aarch64-linux-gnu/5/lto-wrapper
Target: aarch64-linux-gnu
Configured with: ../src/configure -v --with-pkgversion='Ubuntu/Linaro 5.4.0-6ubuntu1~16.04.9' --with-bugurl=file:///usr/share/doc/gcc-5/README.Bugs --enable-languages=c,ada,c++,java,go,d,fortran,objc,obj-c++ --prefix=/usr --program-suffix=-5 --enable-shared --enable-linker-build-id --libexecdir=/usr/lib --without-included-gettext --enable-threads=posix --libdir=/usr/lib --enable-nls --with-sysroot=/ --enable-clocale=gnu --enable-libstdcxx-debug --enable-libstdcxx-time=yes --with-default-libstdcxx-abi=new --enable-gnu-unique-object --disable-libquadmath --enable-plugin --with-system-zlib --disable-browser-plugin --enable-java-awt=gtk --enable-gtk-cairo --with-java-home=/usr/lib/jvm/java-1.5.0-gcj-5-arm64-cross/jre --enable-java-home --with-jvm-root-dir=/usr/lib/jvm/java-1.5.0-gcj-5-arm64-cross --with-jvm-jar-dir=/usr/lib/jvm-exports/java-1.5.0-gcj-5-arm64-cross --with-arch-directory=aarch64 --with-ecj-jar=/usr/share/java/eclipse-ecj.jar --disable-libgcj --enable-multiarch --enable-fix-cortex-a53-843419 --disable-werror --enable-checking=release --build=x86_64-linux-gnu --host=x86_64-linux-gnu --target=aarch64-linux-gnu --program-prefix=aarch64-linux-gnu- --includedir=/usr/aarch64-linux-gnu/include
Thread model: posix
gcc version 5.4.0 20160609 (Ubuntu/Linaro 5.4.0-6ubuntu1~16.04.9) 
COMPILER_PATH=/usr/lib/gcc-cross/aarch64-linux-gnu/5/:/usr/lib/gcc-cross/aarch64-linux-gnu/5/:/usr/lib/gcc-cross/aarch64-linux-gnu/:/usr/lib/gcc-cross/aarch64-linux-gnu/5/:/usr/lib/gcc-cross/aarch64-linux-gnu/:/usr/lib/gcc-cross/aarch64-linux-gnu/5/../../../../aarch64-linux-gnu/bin/
LIBRARY_PATH=/usr/lib/gcc-cross/aarch64-linux-gnu/5/:/usr/lib/gcc-cross/aarch64-linux-gnu/5/../../../../aarch64-linux-gnu/lib/../lib/:/lib/../lib/:/usr/lib/../lib/:/usr/lib/gcc-cross/aarch64-linux-gnu/5/../../../../aarch64-linux-gnu/lib/:/lib/:/usr/lib/
COLLECT_GCC_OPTIONS='-v' '-o' 'cmTC_b89ec' '-shared-libgcc' '-mlittle-endian' '-mabi=lp64'
 /usr/lib/gcc-cross/aarch64-linux-gnu/5/collect2 -plugin /usr/lib/gcc-cross/aarch64-linux-gnu/5/liblto_plugin.so -plugin-opt=/usr/lib/gcc-cross/aarch64-linux-gnu/5/lto-wrapper -plugin-opt=-fresolution=/tmp/ccp7gINT.res -plugin-opt=-pass-through=-lgcc_s -plugin-opt=-pass-through=-lgcc -plugin-opt=-pass-through=-lc -plugin-opt=-pass-through=-lgcc_s -plugin-opt=-pass-through=-lgcc --sysroot=/ --build-id --eh-frame-hdr --hash-style=gnu --as-needed -dynamic-linker /lib/ld-linux-aarch64.so.1 -X -EL -maarch64linux --fix-cortex-a53-843419 -z relro -o cmTC_b89ec /usr/lib/gcc-cross/aarch64-linux-gnu/5/../../../../aarch64-linux-gnu/lib/../lib/crt1.o /usr/lib/gcc-cross/aarch64-linux-gnu/5/../../../../aarch64-linux-gnu/lib/../lib/crti.o /usr/lib/gcc-cross/aarch64-linux-gnu/5/crtbegin.o -L/usr/lib/gcc-cross/aarch64-linux-gnu/5 -L/usr/lib/gcc-cross/aarch64-linux-gnu/5/../../../../aarch64-linux-gnu/lib/../lib -L/lib/../lib -L/usr/lib/../lib -L/usr/lib/gcc-cross/aarch64-linux-gnu/5/../../../../aarch64-linux-gnu/lib CMakeFiles/cmTC_b89ec.dir/CMakeCXXCompilerABI.cpp.o -lstdc++ -lm -lgcc_s -lgcc -lc -lgcc_s -lgcc /usr/lib/gcc-cross/aarch64-linux-gnu/5/crtend.o /usr/lib/gcc-cross/aarch64-linux-gnu/5/../../../../aarch64-linux-gnu/lib/../lib/crtn.o
make[1]: Leaving directory '/home/pc/work/code_view/whayer_work/sample-objectdetectionbyyolov3/src/cmake-build-debug-atlas200dk/CMakeFiles/CMakeTmp'



Parsed CXX implicit include dir info from above output: rv=done
  found start of include info
  found start of implicit include info
    add: [/usr/lib/gcc-cross/aarch64-linux-gnu/5/../../../../aarch64-linux-gnu/include/c++/5]
    add: [/usr/lib/gcc-cross/aarch64-linux-gnu/5/../../../../aarch64-linux-gnu/include/c++/5/aarch64-linux-gnu]
    add: [/usr/lib/gcc-cross/aarch64-linux-gnu/5/../../../../aarch64-linux-gnu/include/c++/5/backward]
    add: [/usr/lib/gcc-cross/aarch64-linux-gnu/5/include]
    add: [/usr/lib/gcc-cross/aarch64-linux-gnu/5/include-fixed]
    add: [/usr/lib/gcc-cross/aarch64-linux-gnu/5/../../../../aarch64-linux-gnu/include]
    add: [/usr/include]
  end of search list found
  collapse include dir [/usr/lib/gcc-cross/aarch64-linux-gnu/5/../../../../aarch64-linux-gnu/include/c++/5] ==> [/usr/aarch64-linux-gnu/include/c++/5]
  collapse include dir [/usr/lib/gcc-cross/aarch64-linux-gnu/5/../../../../aarch64-linux-gnu/include/c++/5/aarch64-linux-gnu] ==> [/usr/aarch64-linux-gnu/include/c++/5/aarch64-linux-gnu]
  collapse include dir [/usr/lib/gcc-cross/aarch64-linux-gnu/5/../../../../aarch64-linux-gnu/include/c++/5/backward] ==> [/usr/aarch64-linux-gnu/include/c++/5/backward]
  collapse include dir [/usr/lib/gcc-cross/aarch64-linux-gnu/5/include] ==> [/usr/lib/gcc-cross/aarch64-linux-gnu/5/include]
  collapse include dir [/usr/lib/gcc-cross/aarch64-linux-gnu/5/include-fixed] ==> [/usr/lib/gcc-cross/aarch64-linux-gnu/5/include-fixed]
  collapse include dir [/usr/lib/gcc-cross/aarch64-linux-gnu/5/../../../../aarch64-linux-gnu/include] ==> [/usr/aarch64-linux-gnu/include]
  collapse include dir [/usr/include] ==> [/usr/include]
  implicit include dirs: [/usr/aarch64-linux-gnu/include/c++/5;/usr/aarch64-linux-gnu/include/c++/5/aarch64-linux-gnu;/usr/aarch64-linux-gnu/include/c++/5/backward;/usr/lib/gcc-cross/aarch64-linux-gnu/5/include;/usr/lib/gcc-cross/aarch64-linux-gnu/5/include-fixed;/usr/aarch64-linux-gnu/include;/usr/include]


Parsed CXX implicit link information from above output:
  link line regex: [^( *|.*[/\])(ld|CMAKE_LINK_STARTFILE-NOTFOUND|([^/\]+-)?ld|collect2)[^/\]*( |$)]
  ignore line: [Change Dir: /home/pc/work/code_view/whayer_work/sample-objectdetectionbyyolov3/src/cmake-build-debug-atlas200dk/CMakeFiles/CMakeTmp]
  ignore line: []
  ignore line: [Run Build Command(s):/usr/bin/make cmTC_b89ec/fast && /usr/bin/make -f CMakeFiles/cmTC_b89ec.dir/build.make CMakeFiles/cmTC_b89ec.dir/build]
  ignore line: [make[1]: Entering directory '/home/pc/work/code_view/whayer_work/sample-objectdetectionbyyolov3/src/cmake-build-debug-atlas200dk/CMakeFiles/CMakeTmp']
  ignore line: [Building CXX object CMakeFiles/cmTC_b89ec.dir/CMakeCXXCompilerABI.cpp.o]
  ignore line: [/usr/bin/aarch64-linux-gnu-g++    -v -o CMakeFiles/cmTC_b89ec.dir/CMakeCXXCompilerABI.cpp.o -c /home/pc/software/clion-2019.3.4/bin/cmake/linux/share/cmake-3.15/Modules/CMakeCXXCompilerABI.cpp]
  ignore line: [Using built-in specs.]
  ignore line: [COLLECT_GCC=/usr/bin/aarch64-linux-gnu-g++]
  ignore line: [Target: aarch64-linux-gnu]
  ignore line: [Configured with: ../src/configure -v --with-pkgversion='Ubuntu/Linaro 5.4.0-6ubuntu1~16.04.9' --with-bugurl=file:///usr/share/doc/gcc-5/README.Bugs --enable-languages=c,ada,c++,java,go,d,fortran,objc,obj-c++ --prefix=/usr --program-suffix=-5 --enable-shared --enable-linker-build-id --libexecdir=/usr/lib --without-included-gettext --enable-threads=posix --libdir=/usr/lib --enable-nls --with-sysroot=/ --enable-clocale=gnu --enable-libstdcxx-debug --enable-libstdcxx-time=yes --with-default-libstdcxx-abi=new --enable-gnu-unique-object --disable-libquadmath --enable-plugin --with-system-zlib --disable-browser-plugin --enable-java-awt=gtk --enable-gtk-cairo --with-java-home=/usr/lib/jvm/java-1.5.0-gcj-5-arm64-cross/jre --enable-java-home --with-jvm-root-dir=/usr/lib/jvm/java-1.5.0-gcj-5-arm64-cross --with-jvm-jar-dir=/usr/lib/jvm-exports/java-1.5.0-gcj-5-arm64-cross --with-arch-directory=aarch64 --with-ecj-jar=/usr/share/java/eclipse-ecj.jar --disable-libgcj --enable-multiarch --enable-fix-cortex-a53-843419 --disable-werror --enable-checking=release --build=x86_64-linux-gnu --host=x86_64-linux-gnu --target=aarch64-linux-gnu --program-prefix=aarch64-linux-gnu- --includedir=/usr/aarch64-linux-gnu/include]
  ignore line: [Thread model: posix]
  ignore line: [gcc version 5.4.0 20160609 (Ubuntu/Linaro 5.4.0-6ubuntu1~16.04.9) ]
  ignore line: [COLLECT_GCC_OPTIONS='-v' '-o' 'CMakeFiles/cmTC_b89ec.dir/CMakeCXXCompilerABI.cpp.o' '-c' '-shared-libgcc' '-mlittle-endian' '-mabi=lp64']
  ignore line: [ /usr/lib/gcc-cross/aarch64-linux-gnu/5/cc1plus -quiet -v -imultiarch aarch64-linux-gnu -D_GNU_SOURCE /home/pc/software/clion-2019.3.4/bin/cmake/linux/share/cmake-3.15/Modules/CMakeCXXCompilerABI.cpp -quiet -dumpbase CMakeCXXCompilerABI.cpp -mlittle-endian -mabi=lp64 -auxbase-strip CMakeFiles/cmTC_b89ec.dir/CMakeCXXCompilerABI.cpp.o -version -fstack-protector-strong -Wformat -Wformat-security -o /tmp/ccXQr5cV.s]
  ignore line: [GNU C++ (Ubuntu/Linaro 5.4.0-6ubuntu1~16.04.9) version 5.4.0 20160609 (aarch64-linux-gnu)]
  ignore line: [	compiled by GNU C version 5.4.0 20160609, GMP version 6.1.0, MPFR version 3.1.4, MPC version 1.0.3]
  ignore line: [warning: GMP header version 6.1.0 differs from library version 6.1.2.]
  ignore line: [GGC heuristics: --param ggc-min-expand=100 --param ggc-min-heapsize=131072]
  ignore line: [ignoring nonexistent directory "/usr/local/include/aarch64-linux-gnu"]
  ignore line: [ignoring nonexistent directory "/usr/include/aarch64-linux-gnu"]
  ignore line: [#include "..." search starts here:]
  ignore line: [#include <...> search starts here:]
  ignore line: [ /usr/lib/gcc-cross/aarch64-linux-gnu/5/../../../../aarch64-linux-gnu/include/c++/5]
  ignore line: [ /usr/lib/gcc-cross/aarch64-linux-gnu/5/../../../../aarch64-linux-gnu/include/c++/5/aarch64-linux-gnu]
  ignore line: [ /usr/lib/gcc-cross/aarch64-linux-gnu/5/../../../../aarch64-linux-gnu/include/c++/5/backward]
  ignore line: [ /usr/lib/gcc-cross/aarch64-linux-gnu/5/include]
  ignore line: [ /usr/lib/gcc-cross/aarch64-linux-gnu/5/include-fixed]
  ignore line: [ /usr/lib/gcc-cross/aarch64-linux-gnu/5/../../../../aarch64-linux-gnu/include]
  ignore line: [ /usr/include]
  ignore line: [End of search list.]
  ignore line: [GNU C++ (Ubuntu/Linaro 5.4.0-6ubuntu1~16.04.9) version 5.4.0 20160609 (aarch64-linux-gnu)]
  ignore line: [	compiled by GNU C version 5.4.0 20160609, GMP version 6.1.0, MPFR version 3.1.4, MPC version 1.0.3]
  ignore line: [warning: GMP header version 6.1.0 differs from library version 6.1.2.]
  ignore line: [GGC heuristics: --param ggc-min-expand=100 --param ggc-min-heapsize=131072]
  ignore line: [Compiler executable checksum: 6a9a52ec5d8050d9281f43712782ae81]
  ignore line: [COLLECT_GCC_OPTIONS='-v' '-o' 'CMakeFiles/cmTC_b89ec.dir/CMakeCXXCompilerABI.cpp.o' '-c' '-shared-libgcc' '-mlittle-endian' '-mabi=lp64']
  ignore line: [ /usr/lib/gcc-cross/aarch64-linux-gnu/5/../../../../aarch64-linux-gnu/bin/as -v -EL -mabi=lp64 -o CMakeFiles/cmTC_b89ec.dir/CMakeCXXCompilerABI.cpp.o /tmp/ccXQr5cV.s]
  ignore line: [GNU assembler version 2.26.1 (aarch64-linux-gnu) using BFD version (GNU Binutils for Ubuntu) 2.26.1]
  ignore line: [COMPILER_PATH=/usr/lib/gcc-cross/aarch64-linux-gnu/5/:/usr/lib/gcc-cross/aarch64-linux-gnu/5/:/usr/lib/gcc-cross/aarch64-linux-gnu/:/usr/lib/gcc-cross/aarch64-linux-gnu/5/:/usr/lib/gcc-cross/aarch64-linux-gnu/:/usr/lib/gcc-cross/aarch64-linux-gnu/5/../../../../aarch64-linux-gnu/bin/]
  ignore line: [LIBRARY_PATH=/usr/lib/gcc-cross/aarch64-linux-gnu/5/:/usr/lib/gcc-cross/aarch64-linux-gnu/5/../../../../aarch64-linux-gnu/lib/../lib/:/lib/../lib/:/usr/lib/../lib/:/usr/lib/gcc-cross/aarch64-linux-gnu/5/../../../../aarch64-linux-gnu/lib/:/lib/:/usr/lib/]
  ignore line: [COLLECT_GCC_OPTIONS='-v' '-o' 'CMakeFiles/cmTC_b89ec.dir/CMakeCXXCompilerABI.cpp.o' '-c' '-shared-libgcc' '-mlittle-endian' '-mabi=lp64']
  ignore line: [Linking CXX executable cmTC_b89ec]
  ignore line: [/home/pc/software/clion-2019.3.4/bin/cmake/linux/bin/cmake -E cmake_link_script CMakeFiles/cmTC_b89ec.dir/link.txt --verbose=1]
  ignore line: [/usr/bin/aarch64-linux-gnu-g++      -v CMakeFiles/cmTC_b89ec.dir/CMakeCXXCompilerABI.cpp.o  -o cmTC_b89ec ]
  ignore line: [Using built-in specs.]
  ignore line: [COLLECT_GCC=/usr/bin/aarch64-linux-gnu-g++]
  ignore line: [COLLECT_LTO_WRAPPER=/usr/lib/gcc-cross/aarch64-linux-gnu/5/lto-wrapper]
  ignore line: [Target: aarch64-linux-gnu]
  ignore line: [Configured with: ../src/configure -v --with-pkgversion='Ubuntu/Linaro 5.4.0-6ubuntu1~16.04.9' --with-bugurl=file:///usr/share/doc/gcc-5/README.Bugs --enable-languages=c,ada,c++,java,go,d,fortran,objc,obj-c++ --prefix=/usr --program-suffix=-5 --enable-shared --enable-linker-build-id --libexecdir=/usr/lib --without-included-gettext --enable-threads=posix --libdir=/usr/lib --enable-nls --with-sysroot=/ --enable-clocale=gnu --enable-libstdcxx-debug --enable-libstdcxx-time=yes --with-default-libstdcxx-abi=new --enable-gnu-unique-object --disable-libquadmath --enable-plugin --with-system-zlib --disable-browser-plugin --enable-java-awt=gtk --enable-gtk-cairo --with-java-home=/usr/lib/jvm/java-1.5.0-gcj-5-arm64-cross/jre --enable-java-home --with-jvm-root-dir=/usr/lib/jvm/java-1.5.0-gcj-5-arm64-cross --with-jvm-jar-dir=/usr/lib/jvm-exports/java-1.5.0-gcj-5-arm64-cross --with-arch-directory=aarch64 --with-ecj-jar=/usr/share/java/eclipse-ecj.jar --disable-libgcj --enable-multiarch --enable-fix-cortex-a53-843419 --disable-werror --enable-checking=release --build=x86_64-linux-gnu --host=x86_64-linux-gnu --target=aarch64-linux-gnu --program-prefix=aarch64-linux-gnu- --includedir=/usr/aarch64-linux-gnu/include]
  ignore line: [Thread model: posix]
  ignore line: [gcc version 5.4.0 20160609 (Ubuntu/Linaro 5.4.0-6ubuntu1~16.04.9) ]
  ignore line: [COMPILER_PATH=/usr/lib/gcc-cross/aarch64-linux-gnu/5/:/usr/lib/gcc-cross/aarch64-linux-gnu/5/:/usr/lib/gcc-cross/aarch64-linux-gnu/:/usr/lib/gcc-cross/aarch64-linux-gnu/5/:/usr/lib/gcc-cross/aarch64-linux-gnu/:/usr/lib/gcc-cross/aarch64-linux-gnu/5/../../../../aarch64-linux-gnu/bin/]
  ignore line: [LIBRARY_PATH=/usr/lib/gcc-cross/aarch64-linux-gnu/5/:/usr/lib/gcc-cross/aarch64-linux-gnu/5/../../../../aarch64-linux-gnu/lib/../lib/:/lib/../lib/:/usr/lib/../lib/:/usr/lib/gcc-cross/aarch64-linux-gnu/5/../../../../aarch64-linux-gnu/lib/:/lib/:/usr/lib/]
  ignore line: [COLLECT_GCC_OPTIONS='-v' '-o' 'cmTC_b89ec' '-shared-libgcc' '-mlittle-endian' '-mabi=lp64']
  link line: [ /usr/lib/gcc-cross/aarch64-linux-gnu/5/collect2 -plugin /usr/lib/gcc-cross/aarch64-linux-gnu/5/liblto_plugin.so -plugin-opt=/usr/lib/gcc-cross/aarch64-linux-gnu/5/lto-wrapper -plugin-opt=-fresolution=/tmp/ccp7gINT.res -plugin-opt=-pass-through=-lgcc_s -plugin-opt=-pass-through=-lgcc -plugin-opt=-pass-through=-lc -plugin-opt=-pass-through=-lgcc_s -plugin-opt=-pass-through=-lgcc --sysroot=/ --build-id --eh-frame-hdr --hash-style=gnu --as-needed -dynamic-linker /lib/ld-linux-aarch64.so.1 -X -EL -maarch64linux --fix-cortex-a53-843419 -z relro -o cmTC_b89ec /usr/lib/gcc-cross/aarch64-linux-gnu/5/../../../../aarch64-linux-gnu/lib/../lib/crt1.o /usr/lib/gcc-cross/aarch64-linux-gnu/5/../../../../aarch64-linux-gnu/lib/../lib/crti.o /usr/lib/gcc-cross/aarch64-linux-gnu/5/crtbegin.o -L/usr/lib/gcc-cross/aarch64-linux-gnu/5 -L/usr/lib/gcc-cross/aarch64-linux-gnu/5/../../../../aarch64-linux-gnu/lib/../lib -L/lib/../lib -L/usr/lib/../lib -L/usr/lib/gcc-cross/aarch64-linux-gnu/5/../../../../aarch64-linux-gnu/lib CMakeFiles/cmTC_b89ec.dir/CMakeCXXCompilerABI.cpp.o -lstdc++ -lm -lgcc_s -lgcc -lc -lgcc_s -lgcc /usr/lib/gcc-cross/aarch64-linux-gnu/5/crtend.o /usr/lib/gcc-cross/aarch64-linux-gnu/5/../../../../aarch64-linux-gnu/lib/../lib/crtn.o]
    arg [/usr/lib/gcc-cross/aarch64-linux-gnu/5/collect2] ==> ignore
    arg [-plugin] ==> ignore
    arg [/usr/lib/gcc-cross/aarch64-linux-gnu/5/liblto_plugin.so] ==> ignore
    arg [-plugin-opt=/usr/lib/gcc-cross/aarch64-linux-gnu/5/lto-wrapper] ==> ignore
    arg [-plugin-opt=-fresolution=/tmp/ccp7gINT.res] ==> ignore
    arg [-plugin-opt=-pass-through=-lgcc_s] ==> ignore
    arg [-plugin-opt=-pass-through=-lgcc] ==> ignore
    arg [-plugin-opt=-pass-through=-lc] ==> ignore
    arg [-plugin-opt=-pass-through=-lgcc_s] ==> ignore
    arg [-plugin-opt=-pass-through=-lgcc] ==> ignore
    arg [--sysroot=/] ==> ignore
    arg [--build-id] ==> ignore
    arg [--eh-frame-hdr] ==> ignore
    arg [--hash-style=gnu] ==> ignore
    arg [--as-needed] ==> ignore
    arg [-dynamic-linker] ==> ignore
    arg [/lib/ld-linux-aarch64.so.1] ==> ignore
    arg [-X] ==> ignore
    arg [-EL] ==> ignore
    arg [-maarch64linux] ==> ignore
    arg [--fix-cortex-a53-843419] ==> ignore
    arg [-zrelro] ==> ignore
    arg [-o] ==> ignore
    arg [cmTC_b89ec] ==> ignore
    arg [/usr/lib/gcc-cross/aarch64-linux-gnu/5/../../../../aarch64-linux-gnu/lib/../lib/crt1.o] ==> ignore
    arg [/usr/lib/gcc-cross/aarch64-linux-gnu/5/../../../../aarch64-linux-gnu/lib/../lib/crti.o] ==> ignore
    arg [/usr/lib/gcc-cross/aarch64-linux-gnu/5/crtbegin.o] ==> ignore
    arg [-L/usr/lib/gcc-cross/aarch64-linux-gnu/5] ==> dir [/usr/lib/gcc-cross/aarch64-linux-gnu/5]
    arg [-L/usr/lib/gcc-cross/aarch64-linux-gnu/5/../../../../aarch64-linux-gnu/lib/../lib] ==> dir [/usr/lib/gcc-cross/aarch64-linux-gnu/5/../../../../aarch64-linux-gnu/lib/../lib]
    arg [-L/lib/../lib] ==> dir [/lib/../lib]
    arg [-L/usr/lib/../lib] ==> dir [/usr/lib/../lib]
    arg [-L/usr/lib/gcc-cross/aarch64-linux-gnu/5/../../../../aarch64-linux-gnu/lib] ==> dir [/usr/lib/gcc-cross/aarch64-linux-gnu/5/../../../../aarch64-linux-gnu/lib]
    arg [CMakeFiles/cmTC_b89ec.dir/CMakeCXXCompilerABI.cpp.o] ==> ignore
    arg [-lstdc++] ==> lib [stdc++]
    arg [-lm] ==> lib [m]
    arg [-lgcc_s] ==> lib [gcc_s]
    arg [-lgcc] ==> lib [gcc]
    arg [-lc] ==> lib [c]
    arg [-lgcc_s] ==> lib [gcc_s]
    arg [-lgcc] ==> lib [gcc]
    arg [/usr/lib/gcc-cross/aarch64-linux-gnu/5/crtend.o] ==> ignore
    arg [/usr/lib/gcc-cross/aarch64-linux-gnu/5/../../../../aarch64-linux-gnu/lib/../lib/crtn.o] ==> ignore
  collapse library dir [/usr/lib/gcc-cross/aarch64-linux-gnu/5] ==> [/usr/lib/gcc-cross/aarch64-linux-gnu/5]
  collapse library dir [/usr/lib/gcc-cross/aarch64-linux-gnu/5/../../../../aarch64-linux-gnu/lib/../lib] ==> [/usr/aarch64-linux-gnu/lib]
  collapse library dir [/lib/../lib] ==> [/lib]
  collapse library dir [/usr/lib/../lib] ==> [/usr/lib]
  collapse library dir [/usr/lib/gcc-cross/aarch64-linux-gnu/5/../../../../aarch64-linux-gnu/lib] ==> [/usr/aarch64-linux-gnu/lib]
  implicit libs: [stdc++;m;gcc_s;gcc;c;gcc_s;gcc]
  implicit dirs: [/usr/lib/gcc-cross/aarch64-linux-gnu/5;/usr/aarch64-linux-gnu/lib;/lib;/usr/lib]
  implicit fwks: []


